<?xml version="1.0" encoding="UTF-8"?>
<!-- Generated by org.testng.reporters.JUnitReportReporter -->
<testsuite hostname="Raji" failures="0" tests="2" name="com.test.ExceptionTimeOutTest" time="0.024" errors="0" timestamp="14 Nov 2023 13:41:27 GMT" skipped="0">
  <testcase classname="com.test.ExceptionTimeOutTest" name="numberFormatExcept" time="0.002"/>
  <testcase classname="com.test.ExceptionTimeOutTest" name="infiniteLoop" time="0.022"/>
</testsuite> <!-- com.test.ExceptionTimeOutTest -->
