<?xml version="1.0" encoding="UTF-8"?>
<!-- Generated by org.testng.reporters.JUnitReportReporter -->
<testsuite hostname="Raji" failures="0" tests="2" name="com.test.GoogleTitleTest" time="4.351" errors="0" timestamp="14 Nov 2023 13:41:27 GMT" skipped="0">
  <testcase classname="com.test.GoogleTitleTest" name="GetTitle" time="2.215"/>
  <testcase classname="com.test.GoogleTitleTest" name="LogoCheck" time="2.136"/>
</testsuite> <!-- com.test.GoogleTitleTest -->
