<?xml version="1.0" encoding="UTF-8"?>
<!-- Generated by org.testng.reporters.JUnitReportReporter -->
<testsuite hostname="Raji" failures="0" tests="1" name="seleniumBasics.VerifyElements" time="5.359" errors="0" timestamp="2024-06-19T19:10:36 IST" skipped="0">
  <testcase classname="seleniumBasics.VerifyElements" name="VerifyEl" time="5.359"/>
</testsuite> <!-- seleniumBasics.VerifyElements -->
