<?xml version="1.0" encoding="UTF-8"?>
<!-- Generated by org.testng.reporters.JUnitReportReporter -->
<testsuite hostname="Raji" failures="0" tests="1" name="com.test.ParametersTest" time="3.869" errors="0" timestamp="14 Nov 2023 17:46:24 GMT" skipped="0">
  <testcase classname="com.test.ParametersTest" name="YahooLoginTest" time="3.869"/>
</testsuite> <!-- com.test.ParametersTest -->
