<?xml version="1.0" encoding="UTF-8"?>
<!-- Generated by org.testng.reporters.JUnitReportReporter -->
<testsuite hostname="Raji" failures="0" tests="2" name="com.testNGpractice.CrossBrowserTest" time="15.152" errors="0" timestamp="15 Nov 2023 14:16:21 GMT" skipped="0">
  <testcase classname="com.testNGpractice.CrossBrowserTest" name="logincheck" time="8.274"/>
  <testcase classname="com.testNGpractice.CrossBrowserTest" name="logincheck" time="6.878"/>
</testsuite> <!-- com.testNGpractice.CrossBrowserTest -->
