<?xml version="1.0" encoding="UTF-8"?>
<!-- Generated by org.testng.reporters.JUnitReportReporter -->
<testsuite hostname="Raji" failures="0" tests="1" name="com.testNGpractice.PassParametersTest" time="6.962" errors="0" timestamp="15 Nov 2023 12:54:04 GMT" skipped="0">
  <testcase classname="com.testNGpractice.PassParametersTest" name="logincheck" time="6.962"/>
</testsuite> <!-- com.testNGpractice.PassParametersTest -->
