<?xml version="1.0" encoding="UTF-8"?>
<!-- Generated by org.testng.reporters.JUnitReportReporter -->
<testsuite hostname="Raji" failures="0" tests="2" name="com.test.TestNGBasics" time="0.008" errors="0" timestamp="14 Nov 2023 13:41:27 GMT" skipped="0">
  <testcase classname="com.test.TestNGBasics" name="GoogleSearch" time="0.004"/>
  <testcase classname="com.test.TestNGBasics" name="GoogleTitleTest" time="0.004"/>
</testsuite> <!-- com.test.TestNGBasics -->
