<?xml version="1.0" encoding="UTF-8"?>
<!-- Generated by org.testng.reporters.JUnitReportReporter -->
<testsuite hostname="Raji" failures="0" tests="4" name="com.test.TestNGFeatures" time="0.006" errors="0" timestamp="14 Nov 2023 13:41:27 GMT" skipped="0">
  <testcase classname="com.test.TestNGFeatures" name="RegPage" time="0.002"/>
  <testcase classname="com.test.TestNGFeatures" name="HomepageTest" time="0.002"/>
  <testcase classname="com.test.TestNGFeatures" name="loginPage" time="0.001"/>
  <testcase classname="com.test.TestNGFeatures" name="SearchPage" time="0.001"/>
</testsuite> <!-- com.test.TestNGFeatures -->
