<?xml version="1.0" encoding="UTF-8"?>
<!-- Generated by org.testng.reporters.JUnitReportReporter -->
<testsuite hostname="Raji" failures="0" tests="6" name="com.test.GoogleTest" time="14.600" errors="0" timestamp="14 Nov 2023 13:41:27 GMT" skipped="0">
  <testcase classname="com.test.GoogleTest" name="GetTitle" time="2.165"/>
  <testcase classname="com.test.GoogleTest" name="LogoCheck" time="2.505"/>
  <testcase classname="com.test.GoogleTest" name="GmailLinkDisplay" time="2.477"/>
  <testcase classname="com.test.GoogleTest" name="test1" time="3.092"/>
  <testcase classname="com.test.GoogleTest" name="test2" time="2.181"/>
  <testcase classname="com.test.GoogleTest" name="test3" time="2.180"/>
</testsuite> <!-- com.test.GoogleTest -->
